<?xml version="1.0" encoding="UTF-8"?>
<!-- Generated by org.testng.reporters.JUnitReportReporter -->
<testsuite hostname="DESKTOP-01108MV" name="com.actiBase.DriverScript" tests="1" failures="0" timestamp="28 Apr 2020 22:25:59 GMT" time="12.922" errors="0">
  <testcase name="initapp" time="12.922" classname="com.actiBase.DriverScript"/>
</testsuite> <!-- com.actiBase.DriverScript -->
